# JRE version: OpenJDK Runtime Environment Temurin-21.0.10+7 (21.0.10+7) (build 21.0.10+7-LTS)
# Java VM: OpenJDK 64-Bit Server VM Temurin-21.0.10+7 (21.0.10+7-LTS, mixed mode, sharing, tiered, compressed oops, compressed class ptrs, g1 gc, windows-amd64)
GC Precious Log:
 CardTable entry size: 512
 Card Set container configuration: InlinePtr #cards 5 size 8 Array Of Cards #cards 12 size 40 Howl #buckets 4 coarsen threshold 1843 Howl Bitmap #cards 512 size 80 coarsen threshold 460 Card regions per heap region 1 cards per card region 2048
 CPUs: 16 total, 16 available
 Memory: 16068M
 Large Page Support: Disabled
 NUMA Support: Disabled
 Compressed Oops: Enabled (32-bit)
 Heap Region Size: 1M
 Heap Min Capacity: 256M
 Heap Initial Capacity: 256M
 Heap Max Capacity: 512M
 Pre-touch: Disabled
 Parallel Workers: 13
 Concurrent Workers: 3
 Concurrent Refinement Workers: 13
 Periodic GC: Disabled
Heap:
 garbage-first heap   total 501760K, used 476995K [0x00000000e0000000, 0x0000000100000000)
  region size 1024K, 283 young (289792K), 19 survivors (19456K)
 Metaspace       used 108341K, committed 110528K, reserved 458752K
  class space    used 14731K, committed 15808K, reserved 327680K
GC Heap History (20 events):
Event: 210.366 GC heap after
{Heap after GC invocations=231 (full 0):
 garbage-first heap   total 498688K, used 262470K [0x00000000e0000000, 0x0000000100000000)
  region size 1024K, 5 young (5120K), 5 survivors (5120K)
 Metaspace       used 94504K, committed 96704K, reserved 458752K
  class space    used 12857K, committed 13952K, reserved 327680K
}
Event: 210.636 GC heap before
{Heap before GC invocations=231 (full 0):
 garbage-first heap   total 498688K, used 472390K [0x00000000e0000000, 0x0000000100000000)
  region size 1024K, 212 young (217088K), 5 survivors (5120K)
 Metaspace       used 94504K, committed 96704K, reserved 458752K
  class space    used 12857K, committed 13952K, reserved 327680K
}
Event: 210.643 GC heap after
{Heap after GC invocations=232 (full 0):
 garbage-first heap   total 498688K, used 236789K [0x00000000e0000000, 0x0000000100000000)
  region size 1024K, 3 young (3072K), 3 survivors (3072K)
 Metaspace       used 94504K, committed 96704K, reserved 458752K
  class space    used 12857K, committed 13952K, reserved 327680K
}
Event: 210.886 GC heap before
{Heap before GC invocations=232 (full 0):
 garbage-first heap   total 498688K, used 471285K [0x00000000e0000000, 0x0000000100000000)
  region size 1024K, 233 young (238592K), 3 survivors (3072K)
 Metaspace       used 94505K, committed 96704K, reserved 458752K
  class space    used 12858K, committed 13952K, reserved 327680K
}
Event: 210.890 GC heap after
{Heap after GC invocations=233 (full 0):
 garbage-first heap   total 498688K, used 242059K [0x00000000e0000000, 0x0000000100000000)
  region size 1024K, 9 young (9216K), 9 survivors (9216K)
 Metaspace       used 94505K, committed 96704K, reserved 458752K
  class space    used 12858K, committed 13952K, reserved 327680K
}
Event: 211.136 GC heap before
{Heap before GC invocations=234 (full 0):
 garbage-first heap   total 498688K, used 467049K [0x00000000e0000000, 0x0000000100000000)
  region size 1024K, 234 young (239616K), 9 survivors (9216K)
 Metaspace       used 94394K, committed 96704K, reserved 458752K
  class space    used 12830K, committed 13952K, reserved 327680K
}
Event: 211.142 GC heap after
{Heap after GC invocations=235 (full 0):
 garbage-first heap   total 498688K, used 241343K [0x00000000e0000000, 0x0000000100000000)
  region size 1024K, 11 young (11264K), 11 survivors (11264K)
 Metaspace       used 94394K, committed 96704K, reserved 458752K
  class space    used 12830K, committed 13952K, reserved 327680K
}
Event: 211.304 GC heap before
{Heap before GC invocations=235 (full 0):
 garbage-first heap   total 498688K, used 473791K [0x00000000e0000000, 0x0000000100000000)
  region size 1024K, 238 young (243712K), 11 survivors (11264K)
 Metaspace       used 94394K, committed 96704K, reserved 458752K
  class space    used 12830K, committed 13952K, reserved 327680K
}
Event: 211.314 GC heap after
{Heap after GC invocations=236 (full 0):
 garbage-first heap   total 498688K, used 211064K [0x00000000e0000000, 0x0000000100000000)
  region size 1024K, 13 young (13312K), 13 survivors (13312K)
 Metaspace       used 94394K, committed 96704K, reserved 458752K
  class space    used 12830K, committed 13952K, reserved 327680K
}
Event: 211.448 GC heap before
{Heap before GC invocations=236 (full 0):
 garbage-first heap   total 498688K, used 395384K [0x00000000e0000000, 0x0000000100000000)
  region size 1024K, 195 young (199680K), 13 survivors (13312K)
 Metaspace       used 94394K, committed 96704K, reserved 458752K
  class space    used 12830K, committed 13952K, reserved 327680K
}
Event: 211.454 GC heap after
{Heap after GC invocations=237 (full 0):
 garbage-first heap   total 498688K, used 213295K [0x00000000e0000000, 0x0000000100000000)
  region size 1024K, 16 young (16384K), 16 survivors (16384K)
 Metaspace       used 94394K, committed 96704K, reserved 458752K
  class space    used 12830K, committed 13952K, reserved 327680K
}
Event: 211.761 GC heap before
{Heap before GC invocations=238 (full 0):
 garbage-first heap   total 498688K, used 472367K [0x00000000e0000000, 0x0000000100000000)
  region size 1024K, 269 young (275456K), 16 survivors (16384K)
 Metaspace       used 94394K, committed 96704K, reserved 458752K
  class space    used 12830K, committed 13952K, reserved 327680K
}
Event: 211.768 GC heap after
{Heap after GC invocations=239 (full 0):
 garbage-first heap   total 498688K, used 214775K [0x00000000e0000000, 0x0000000100000000)
  region size 1024K, 16 young (16384K), 16 survivors (16384K)
 Metaspace       used 94394K, committed 96704K, reserved 458752K
  class space    used 12830K, committed 13952K, reserved 327680K
}
Event: 211.966 GC heap before
{Heap before GC invocations=239 (full 0):
 garbage-first heap   total 498688K, used 471799K [0x00000000e0000000, 0x0000000100000000)
  region size 1024K, 268 young (274432K), 16 survivors (16384K)
 Metaspace       used 94394K, committed 96704K, reserved 458752K
  class space    used 12830K, committed 13952K, reserved 327680K
}
Event: 211.974 GC heap after
{Heap after GC invocations=240 (full 0):
 garbage-first heap   total 498688K, used 204464K [0x00000000e0000000, 0x0000000100000000)
  region size 1024K, 12 young (12288K), 12 survivors (12288K)
 Metaspace       used 94394K, committed 96704K, reserved 458752K
  class space    used 12830K, committed 13952K, reserved 327680K
}
Event: 212.223 GC heap before
{Heap before GC invocations=240 (full 0):
 garbage-first heap   total 498688K, used 280240K [0x00000000e0000000, 0x0000000100000000)
  region size 1024K, 87 young (89088K), 12 survivors (12288K)
 Metaspace       used 94394K, committed 96704K, reserved 458752K
  class space    used 12830K, committed 13952K, reserved 327680K
}
Event: 212.228 GC heap after
{Heap after GC invocations=241 (full 0):
 garbage-first heap   total 498688K, used 201392K [0x00000000e0000000, 0x0000000100000000)
  region size 1024K, 10 young (10240K), 10 survivors (10240K)
 Metaspace       used 94394K, committed 96704K, reserved 458752K
  class space    used 12830K, committed 13952K, reserved 327680K
}
Event: 213.254 GC heap before
{Heap before GC invocations=242 (full 0):
 garbage-first heap   total 498688K, used 473776K [0x00000000e0000000, 0x0000000100000000)
  region size 1024K, 275 young (281600K), 10 survivors (10240K)
 Metaspace       used 94401K, committed 96704K, reserved 458752K
  class space    used 12830K, committed 13952K, reserved 327680K
}
Event: 213.259 GC heap after
{Heap after GC invocations=243 (full 0):
 garbage-first heap   total 498688K, used 201539K [0x00000000e0000000, 0x0000000100000000)
  region size 1024K, 11 young (11264K), 11 survivors (11264K)
 Metaspace       used 94401K, committed 96704K, reserved 458752K
  class space    used 12830K, committed 13952K, reserved 327680K
}
Event: 215.406 GC heap before
{Heap before GC invocations=243 (full 0):
 garbage-first heap   total 498688K, used 475971K [0x00000000e0000000, 0x0000000100000000)
  region size 1024K, 275 young (281600K), 11 survivors (11264K)
 Metaspace       used 108341K, committed 110528K, reserved 458752K
  class space    used 14731K, committed 15808K, reserved 327680K
}

